<?xml version="1.0" encoding="UTF-8"?>
<!-- Generated by org.testng.reporters.JUnitXMLReporter -->
<testsuite ignored="0" hostname="LAPTOP-RLBPP581" failures="0" tests="2" name="Chrome" time="0.237" errors="0" timestamp="2022-07-24T12:58:47 IST">
  <testcase classname="Test.Testonimdb" name="@BeforeTest beforetest" time="0.121">
    <failure type="java.lang.IllegalStateException" message="The path to the driver executable must be set by the webdriver.chrome.driver system property; for more information, see https://github.com/SeleniumHQ/selenium/wiki/ChromeDriver. The latest version can be downloaded from http://chromedriver.storage.googleapis.com/index.html">
      <![CDATA[java.lang.IllegalStateException: The path to the driver executable must be set by the webdriver.chrome.driver system property; for more information, see https://github.com/SeleniumHQ/selenium/wiki/ChromeDriver. The latest version can be downloaded from http://chromedriver.storage.googleapis.com/index.html
at com.google.common.base.Preconditions.checkState(Preconditions.java:847)
at org.openqa.selenium.remote.service.DriverService.findExecutable(DriverService.java:134)
at org.openqa.selenium.chrome.ChromeDriverService.access$000(ChromeDriverService.java:35)
at org.openqa.selenium.chrome.ChromeDriverService$Builder.findDefaultExecutable(ChromeDriverService.java:159)
at org.openqa.selenium.remote.service.DriverService$Builder.build(DriverService.java:355)
at org.openqa.selenium.chrome.ChromeDriverService.createDefaultService(ChromeDriverService.java:94)
at org.openqa.selenium.chrome.ChromeDriver.<init>(ChromeDriver.java:123)
at Base.Pojo.openchromebrowser(Pojo.java:11)
at Test.Testonimdb.beforetest(Testonimdb.java:30)
... Removed 24 stack frames]]>
    </failure>
  </testcase> <!-- @BeforeTest beforetest -->
  <testcase classname="Test.Testonwikipedia" name="@BeforeTest beforetest" time="-1.658647727223E9">
    <skipped/>
  </testcase> <!-- @BeforeTest beforetest -->
  <testcase classname="Test.Testonwikipedia" name="@BeforeClass beforeclass" time="-1.658647727261E9">
    <skipped/>
  </testcase> <!-- @BeforeClass beforeclass -->
  <testcase classname="Test.Testonwikipedia" name="@BeforeMethod beforemethod" time="-1.658647727279E9">
    <skipped/>
  </testcase> <!-- @BeforeMethod beforemethod -->
  <testcase classname="Test.Testonwikipedia" name="@AfterMethod aftermethod" time="-1.658647727294E9">
    <skipped/>
  </testcase> <!-- @AfterMethod aftermethod -->
  <testcase classname="Test.Testonwikipedia" name="@AfterClass afterclass" time="-1.658647727297E9">
    <skipped/>
  </testcase> <!-- @AfterClass afterclass -->
  <testcase classname="Test.Testonimdb" name="@BeforeClass beforeclass" time="-1.658647727302E9">
    <skipped/>
  </testcase> <!-- @BeforeClass beforeclass -->
  <testcase classname="Test.Testonimdb" name="@BeforeMethod beforemethod" time="-1.658647727304E9">
    <skipped/>
  </testcase> <!-- @BeforeMethod beforemethod -->
  <testcase classname="Test.Testonimdb" name="@AfterMethod aftermethod" time="-1.65864772731E9">
    <skipped/>
  </testcase> <!-- @AfterMethod aftermethod -->
  <testcase classname="Test.Testonimdb" name="@AfterClass afterclass" time="-1.658647727312E9">
    <skipped/>
  </testcase> <!-- @AfterClass afterclass -->
  <testcase classname="Test.Testonimdb" name="@AfterTest aftertest" time="-1.658647727313E9">
    <skipped/>
  </testcase> <!-- @AfterTest aftertest -->
  <testcase classname="Test.Testonwikipedia" name="@AfterTest aftertest" time="-1.658647727315E9">
    <skipped/>
  </testcase> <!-- @AfterTest aftertest -->
  <testcase classname="Test.Testonwikipedia" name="verfiyreleasedatecounrty" time="0.0">
    <skipped/>
  </testcase> <!-- verfiyreleasedatecounrty -->
  <testcase classname="Test.Testonimdb" name="verfiyreleasedatecounrty" time="0.0">
    <skipped/>
  </testcase> <!-- verfiyreleasedatecounrty -->
</testsuite> <!-- Chrome -->
